<<<<<<< HEAD
General Logger:	2020/04/16 17:41:37 JwtGeneratorRoute.go:37: Accepting request from name: Mark Christian Navalta
General Logger:	2020/04/16 17:41:37 JwtGeneratorController.go:29: secret
General Logger:	2020/04/16 17:41:37 JwtGeneratorRoute.go:61: Returning request from: Mark Christian Navalta
General Logger:	2020/04/16 21:06:59 JwtGeneratorRoute.go:37: Accepting request from name: Mark Christian Navalta
General Logger:	2020/04/16 21:06:59 JwtGeneratorController.go:29: secret
General Logger:	2020/04/16 21:06:59 JwtGeneratorRoute.go:61: Returning request from: Mark Christian Navalta
General Logger:	2020/04/16 22:29:47 JwtGeneratorRoute.go:37: Accepting request from name: Mark Christian Navalta
General Logger:	2020/04/16 22:29:47 JwtGeneratorController.go:29: secret
General Logger:	2020/04/16 22:29:47 JwtGeneratorRoute.go:61: Returning request from: Mark Christian Navalta
General Logger:	2020/04/16 23:45:33 JwtGeneratorRoute.go:37: Accepting request from name: Mark Christian Navalta
General Logger:	2020/04/16 23:45:33 JwtGeneratorController.go:29: secret
General Logger:	2020/04/16 23:45:33 JwtGeneratorRoute.go:61: Returning request from: Mark Christian Navalta
=======
jwt_go_generator2020/04/13 20:28:36 Starting logger
jwt_go_generator2020/04/13 20:30:05 Starting logger
jwt_go_generator2020/04/13 20:30:32 Starting logger
General Logger:	2020/04/13 20:32:08 JwtGenerator.go:37: Accepting request from name: mark
General Logger:	2020/04/13 20:32:12 JwtGenerator.go:37: Accepting request from name: mark
General Logger:	2020/04/13 20:32:14 JwtGenerator.go:37: Accepting request from name: mark
General Logger:	2020/04/13 20:33:56 JwtGenerator.go:37: Accepting request from name: mark
General Logger:	2020/04/13 20:33:56 JwtGenerator.go:61: Returning request from: mark
General Logger:	2020/04/13 20:33:56 JwtGenerator.go:37: Accepting request from name: mark
General Logger:	2020/04/13 20:33:56 JwtGenerator.go:61: Returning request from: mark
General Logger:	2020/04/13 20:33:57 JwtGenerator.go:37: Accepting request from name: mark
General Logger:	2020/04/13 20:33:57 JwtGenerator.go:61: Returning request from: mark
General Logger:	2020/04/13 20:41:32 JwtGeneratorRoute.go:37: Accepting request from name: mark
General Logger:	2020/04/13 20:41:32 JwtGeneratorRoute.go:61: Returning request from: mark
General Logger:	2020/04/13 20:43:58 JwtGeneratorRoute.go:37: Accepting request from name: Mark Christian Navalta
General Logger:	2020/04/13 20:43:58 JwtGeneratorRoute.go:61: Returning request from: Mark Christian Navalta
General Logger:	2020/04/13 20:56:22 JwtGeneratorRoute.go:37: Accepting request from name: Mark Christian Navalta
General Logger:	2020/04/13 20:56:22 JwtGeneratorRoute.go:61: Returning request from: Mark Christian Navalta
General Logger:	2020/04/13 20:56:46 JwtGeneratorRoute.go:37: Accepting request from name: Mark Christian Navalta
General Logger:	2020/04/13 20:56:46 JwtGeneratorRoute.go:61: Returning request from: Mark Christian Navalta
General Logger:	2020/04/13 20:58:56 JwtGeneratorRoute.go:37: Accepting request from name: Mark Christian Navalta
General Logger:	2020/04/13 20:58:56 JwtGeneratorRoute.go:61: Returning request from: Mark Christian Navalta
General Logger:	2020/04/13 21:06:38 JwtGeneratorRoute.go:37: Accepting request from name: Mark Christian Navalta
General Logger:	2020/04/13 21:06:38 JwtGeneratorRoute.go:61: Returning request from: Mark Christian Navalta
>>>>>>> ab4bebc... Adding global logger package
